{"/Users/gyanprakash.gp/Desktop/Development Project/FAQ_backend/server.js": {"path":"/Users/gyanprakash.gp/Desktop/Development Project/FAQ_backend/server.js","statementMap":{"0":{"start":{"line":1,"column":0},"end":{"line":1,"column":27}},"1":{"start":{"line":2,"column":16},"end":{"line":2,"column":34}},"2":{"start":{"line":3,"column":13},"end":{"line":3,"column":28}},"3":{"start":{"line":6,"column":18},"end":{"line":6,"column":40}},"4":{"start":{"line":7,"column":18},"end":{"line":7,"column":47}},"5":{"start":{"line":10,"column":12},"end":{"line":10,"column":21}},"6":{"start":{"line":13,"column":0},"end":{"line":13,"column":24}},"7":{"start":{"line":14,"column":0},"end":{"line":14,"column":16}},"8":{"start":{"line":17,"column":0},"end":{"line":17,"column":12}},"9":{"start":{"line":20,"column":0},"end":{"line":20,"column":32}},"10":{"start":{"line":23,"column":13},"end":{"line":23,"column":37}},"11":{"start":{"line":24,"column":0},"end":{"line":26,"column":1}},"12":{"start":{"line":25,"column":2},"end":{"line":25,"column":72}},"13":{"start":{"line":25,"column":25},"end":{"line":25,"column":70}},"14":{"start":{"line":28,"column":0},"end":{"line":28,"column":21}}},"fnMap":{"0":{"name":"(anonymous_0)","decl":{"start":{"line":25,"column":19},"end":{"line":25,"column":20}},"loc":{"start":{"line":25,"column":25},"end":{"line":25,"column":70}},"line":25}},"branchMap":{"0":{"loc":{"start":{"line":23,"column":13},"end":{"line":23,"column":37}},"type":"binary-expr","locations":[{"start":{"line":23,"column":13},"end":{"line":23,"column":29}},{"start":{"line":23,"column":33},"end":{"line":23,"column":37}}],"line":23},"1":{"loc":{"start":{"line":24,"column":0},"end":{"line":26,"column":1}},"type":"if","locations":[{"start":{"line":24,"column":0},"end":{"line":26,"column":1}},{"start":{},"end":{}}],"line":24}},"s":{"0":1,"1":1,"2":1,"3":1,"4":1,"5":1,"6":1,"7":1,"8":1,"9":1,"10":1,"11":1,"12":0,"13":0,"14":1},"f":{"0":0},"b":{"0":[1,0],"1":[0,1]},"_coverageSchema":"1a1c01bbd47fc00a2c39e90264f33305004495a9","hash":"88655e3b1a08a2473bf7ee3486acbacaffb2e191"}
,"/Users/gyanprakash.gp/Desktop/Development Project/FAQ_backend/config/db.js": {"path":"/Users/gyanprakash.gp/Desktop/Development Project/FAQ_backend/config/db.js","statementMap":{"0":{"start":{"line":1,"column":17},"end":{"line":1,"column":36}},"1":{"start":{"line":3,"column":18},"end":{"line":11,"column":1}},"2":{"start":{"line":4,"column":2},"end":{"line":10,"column":3}},"3":{"start":{"line":5,"column":4},"end":{"line":5,"column":50}},"4":{"start":{"line":6,"column":4},"end":{"line":6,"column":37}},"5":{"start":{"line":8,"column":4},"end":{"line":8,"column":54}},"6":{"start":{"line":9,"column":4},"end":{"line":9,"column":20}},"7":{"start":{"line":13,"column":0},"end":{"line":13,"column":27}}},"fnMap":{"0":{"name":"(anonymous_0)","decl":{"start":{"line":3,"column":18},"end":{"line":3,"column":19}},"loc":{"start":{"line":3,"column":30},"end":{"line":11,"column":1}},"line":3}},"branchMap":{},"s":{"0":1,"1":1,"2":1,"3":1,"4":1,"5":0,"6":0,"7":1},"f":{"0":1},"b":{},"_coverageSchema":"1a1c01bbd47fc00a2c39e90264f33305004495a9","hash":"1565ffba7e701ea0167f7abe88983f7f0ab254b0"}
,"/Users/gyanprakash.gp/Desktop/Development Project/FAQ_backend/config/redis.js": {"path":"/Users/gyanprakash.gp/Desktop/Development Project/FAQ_backend/config/redis.js","statementMap":{"0":{"start":{"line":16,"column":14},"end":{"line":16,"column":30}},"1":{"start":{"line":20,"column":0},"end":{"line":33,"column":1}},"2":{"start":{"line":21,"column":2},"end":{"line":27,"column":4}},"3":{"start":{"line":29,"column":2},"end":{"line":29,"column":95}},"4":{"start":{"line":31,"column":2},"end":{"line":31,"column":75}},"5":{"start":{"line":31,"column":39},"end":{"line":31,"column":73}},"6":{"start":{"line":32,"column":2},"end":{"line":32,"column":71}},"7":{"start":{"line":32,"column":35},"end":{"line":32,"column":69}},"8":{"start":{"line":35,"column":0},"end":{"line":35,"column":29}}},"fnMap":{"0":{"name":"(anonymous_0)","decl":{"start":{"line":31,"column":30},"end":{"line":31,"column":31}},"loc":{"start":{"line":31,"column":39},"end":{"line":31,"column":73}},"line":31},"1":{"name":"(anonymous_1)","decl":{"start":{"line":32,"column":26},"end":{"line":32,"column":27}},"loc":{"start":{"line":32,"column":35},"end":{"line":32,"column":69}},"line":32}},"branchMap":{"0":{"loc":{"start":{"line":20,"column":0},"end":{"line":33,"column":1}},"type":"if","locations":[{"start":{"line":20,"column":0},"end":{"line":33,"column":1}},{"start":{"line":28,"column":7},"end":{"line":33,"column":1}}],"line":20},"1":{"loc":{"start":{"line":29,"column":42},"end":{"line":29,"column":91}},"type":"binary-expr","locations":[{"start":{"line":29,"column":42},"end":{"line":29,"column":63}},{"start":{"line":29,"column":67},"end":{"line":29,"column":91}}],"line":29}},"s":{"0":1,"1":1,"2":1,"3":0,"4":0,"5":0,"6":0,"7":0,"8":1},"f":{"0":0,"1":0},"b":{"0":[1,0],"1":[0,0]},"_coverageSchema":"1a1c01bbd47fc00a2c39e90264f33305004495a9","hash":"71527e8d3ebafd78be658cd40eb8c0143f5bcbc7"}
,"/Users/gyanprakash.gp/Desktop/Development Project/FAQ_backend/controllers/faqController.js": {"path":"/Users/gyanprakash.gp/Desktop/Development Project/FAQ_backend/controllers/faqController.js","statementMap":{"0":{"start":{"line":83,"column":12},"end":{"line":83,"column":41}},"1":{"start":{"line":84,"column":20},"end":{"line":84,"column":46}},"2":{"start":{"line":85,"column":26},"end":{"line":85,"column":65}},"3":{"start":{"line":92,"column":16},"end":{"line":117,"column":1}},"4":{"start":{"line":93,"column":2},"end":{"line":116,"column":3}},"5":{"start":{"line":94,"column":17},"end":{"line":94,"column":39}},"6":{"start":{"line":95,"column":21},"end":{"line":95,"column":35}},"7":{"start":{"line":98,"column":23},"end":{"line":98,"column":54}},"8":{"start":{"line":99,"column":4},"end":{"line":101,"column":5}},"9":{"start":{"line":100,"column":6},"end":{"line":100,"column":58}},"10":{"start":{"line":104,"column":17},"end":{"line":104,"column":33}},"11":{"start":{"line":105,"column":27},"end":{"line":108,"column":7}},"12":{"start":{"line":105,"column":46},"end":{"line":108,"column":5}},"13":{"start":{"line":111,"column":4},"end":{"line":111,"column":76}},"14":{"start":{"line":113,"column":4},"end":{"line":113,"column":41}},"15":{"start":{"line":115,"column":4},"end":{"line":115,"column":68}},"16":{"start":{"line":142,"column":18},"end":{"line":169,"column":3}},"17":{"start":{"line":143,"column":4},"end":{"line":168,"column":5}},"18":{"start":{"line":144,"column":35},"end":{"line":144,"column":43}},"19":{"start":{"line":147,"column":34},"end":{"line":147,"column":63}},"20":{"start":{"line":148,"column":32},"end":{"line":148,"column":59}},"21":{"start":{"line":151,"column":27},"end":{"line":151,"column":29}},"22":{"start":{"line":152,"column":6},"end":{"line":157,"column":7}},"23":{"start":{"line":153,"column":8},"end":{"line":156,"column":10}},"24":{"start":{"line":159,"column":21},"end":{"line":159,"column":64}},"25":{"start":{"line":160,"column":6},"end":{"line":160,"column":26}},"26":{"start":{"line":163,"column":6},"end":{"line":163,"column":35}},"27":{"start":{"line":165,"column":6},"end":{"line":165,"column":35}},"28":{"start":{"line":167,"column":6},"end":{"line":167,"column":69}},"29":{"start":{"line":176,"column":18},"end":{"line":196,"column":1}},"30":{"start":{"line":177,"column":2},"end":{"line":195,"column":3}},"31":{"start":{"line":178,"column":47},"end":{"line":178,"column":55}},"32":{"start":{"line":179,"column":23},"end":{"line":183,"column":5}},"33":{"start":{"line":185,"column":4},"end":{"line":187,"column":5}},"34":{"start":{"line":186,"column":6},"end":{"line":186,"column":64}},"35":{"start":{"line":190,"column":4},"end":{"line":190,"column":33}},"36":{"start":{"line":192,"column":4},"end":{"line":192,"column":37}},"37":{"start":{"line":194,"column":4},"end":{"line":194,"column":67}},"38":{"start":{"line":202,"column":18},"end":{"line":217,"column":1}},"39":{"start":{"line":203,"column":2},"end":{"line":216,"column":3}},"40":{"start":{"line":204,"column":23},"end":{"line":204,"column":65}},"41":{"start":{"line":206,"column":4},"end":{"line":208,"column":5}},"42":{"start":{"line":207,"column":6},"end":{"line":207,"column":64}},"43":{"start":{"line":211,"column":4},"end":{"line":211,"column":33}},"44":{"start":{"line":213,"column":4},"end":{"line":213,"column":66}},"45":{"start":{"line":215,"column":4},"end":{"line":215,"column":67}},"46":{"start":{"line":219,"column":0},"end":{"line":219,"column":62}}},"fnMap":{"0":{"name":"(anonymous_0)","decl":{"start":{"line":92,"column":16},"end":{"line":92,"column":17}},"loc":{"start":{"line":92,"column":36},"end":{"line":117,"column":1}},"line":92},"1":{"name":"(anonymous_1)","decl":{"start":{"line":105,"column":36},"end":{"line":105,"column":37}},"loc":{"start":{"line":105,"column":46},"end":{"line":108,"column":5}},"line":105},"2":{"name":"(anonymous_2)","decl":{"start":{"line":142,"column":18},"end":{"line":142,"column":19}},"loc":{"start":{"line":142,"column":38},"end":{"line":169,"column":3}},"line":142},"3":{"name":"(anonymous_3)","decl":{"start":{"line":176,"column":18},"end":{"line":176,"column":19}},"loc":{"start":{"line":176,"column":38},"end":{"line":196,"column":1}},"line":176},"4":{"name":"(anonymous_4)","decl":{"start":{"line":202,"column":18},"end":{"line":202,"column":19}},"loc":{"start":{"line":202,"column":38},"end":{"line":217,"column":1}},"line":202}},"branchMap":{"0":{"loc":{"start":{"line":94,"column":17},"end":{"line":94,"column":39}},"type":"binary-expr","locations":[{"start":{"line":94,"column":17},"end":{"line":94,"column":31}},{"start":{"line":94,"column":35},"end":{"line":94,"column":39}}],"line":94},"1":{"loc":{"start":{"line":99,"column":4},"end":{"line":101,"column":5}},"type":"if","locations":[{"start":{"line":99,"column":4},"end":{"line":101,"column":5}},{"start":{},"end":{}}],"line":99},"2":{"loc":{"start":{"line":185,"column":4},"end":{"line":187,"column":5}},"type":"if","locations":[{"start":{"line":185,"column":4},"end":{"line":187,"column":5}},{"start":{},"end":{}}],"line":185},"3":{"loc":{"start":{"line":206,"column":4},"end":{"line":208,"column":5}},"type":"if","locations":[{"start":{"line":206,"column":4},"end":{"line":208,"column":5}},{"start":{},"end":{}}],"line":206}},"s":{"0":1,"1":1,"2":1,"3":1,"4":1,"5":1,"6":1,"7":1,"8":1,"9":0,"10":1,"11":1,"12":5,"13":1,"14":1,"15":0,"16":1,"17":1,"18":1,"19":1,"20":1,"21":1,"22":1,"23":3,"24":1,"25":1,"26":1,"27":1,"28":0,"29":1,"30":0,"31":0,"32":0,"33":0,"34":0,"35":0,"36":0,"37":0,"38":1,"39":1,"40":1,"41":1,"42":0,"43":1,"44":1,"45":0,"46":1},"f":{"0":1,"1":5,"2":1,"3":0,"4":1},"b":{"0":[1,1],"1":[0,1],"2":[0,0],"3":[0,1]},"_coverageSchema":"1a1c01bbd47fc00a2c39e90264f33305004495a9","hash":"4662abb21ec687d56b95c1d2bfd984c1ea9cedca"}
,"/Users/gyanprakash.gp/Desktop/Development Project/FAQ_backend/models/faqModel.js": {"path":"/Users/gyanprakash.gp/Desktop/Development Project/FAQ_backend/models/faqModel.js","statementMap":{"0":{"start":{"line":1,"column":17},"end":{"line":1,"column":36}},"1":{"start":{"line":3,"column":18},"end":{"line":15,"column":1}},"2":{"start":{"line":18,"column":0},"end":{"line":23,"column":2}},"3":{"start":{"line":19,"column":2},"end":{"line":22,"column":4}},"4":{"start":{"line":25,"column":12},"end":{"line":25,"column":44}},"5":{"start":{"line":26,"column":0},"end":{"line":26,"column":21}}},"fnMap":{"0":{"name":"(anonymous_0)","decl":{"start":{"line":18,"column":37},"end":{"line":18,"column":38}},"loc":{"start":{"line":18,"column":53},"end":{"line":23,"column":1}},"line":18}},"branchMap":{"0":{"loc":{"start":{"line":20,"column":14},"end":{"line":20,"column":64}},"type":"binary-expr","locations":[{"start":{"line":20,"column":14},"end":{"line":20,"column":47}},{"start":{"line":20,"column":51},"end":{"line":20,"column":64}}],"line":20},"1":{"loc":{"start":{"line":21,"column":12},"end":{"line":21,"column":58}},"type":"binary-expr","locations":[{"start":{"line":21,"column":12},"end":{"line":21,"column":43}},{"start":{"line":21,"column":47},"end":{"line":21,"column":58}}],"line":21}},"s":{"0":1,"1":1,"2":1,"3":5,"4":1,"5":1},"f":{"0":5},"b":{"0":[5,5],"1":[5,5]},"_coverageSchema":"1a1c01bbd47fc00a2c39e90264f33305004495a9","hash":"d8184e569e9378d12219a0701e226f81462bc83a"}
,"/Users/gyanprakash.gp/Desktop/Development Project/FAQ_backend/routes/faqRoutes.js": {"path":"/Users/gyanprakash.gp/Desktop/Development Project/FAQ_backend/routes/faqRoutes.js","statementMap":{"0":{"start":{"line":1,"column":16},"end":{"line":1,"column":34}},"1":{"start":{"line":2,"column":53},"end":{"line":2,"column":92}},"2":{"start":{"line":4,"column":15},"end":{"line":4,"column":31}},"3":{"start":{"line":7,"column":0},"end":{"line":7,"column":25}},"4":{"start":{"line":8,"column":0},"end":{"line":8,"column":28}},"5":{"start":{"line":9,"column":0},"end":{"line":9,"column":30}},"6":{"start":{"line":10,"column":0},"end":{"line":10,"column":33}},"7":{"start":{"line":12,"column":0},"end":{"line":12,"column":24}}},"fnMap":{},"branchMap":{},"s":{"0":1,"1":1,"2":1,"3":1,"4":1,"5":1,"6":1,"7":1},"f":{},"b":{},"_coverageSchema":"1a1c01bbd47fc00a2c39e90264f33305004495a9","hash":"11a2884af2141c6060432dccdbd089d360c5a8db"}
,"/Users/gyanprakash.gp/Desktop/Development Project/FAQ_backend/services/translateService.js": {"path":"/Users/gyanprakash.gp/Desktop/Development Project/FAQ_backend/services/translateService.js","statementMap":{"0":{"start":{"line":1,"column":18},"end":{"line":1,"column":51}},"1":{"start":{"line":4,"column":28},"end":{"line":4,"column":46}},"2":{"start":{"line":11,"column":22},"end":{"line":24,"column":1}},"3":{"start":{"line":12,"column":23},"end":{"line":12,"column":25}},"4":{"start":{"line":14,"column":2},"end":{"line":21,"column":3}},"5":{"start":{"line":15,"column":4},"end":{"line":20,"column":5}},"6":{"start":{"line":16,"column":23},"end":{"line":16,"column":58}},"7":{"start":{"line":17,"column":6},"end":{"line":17,"column":41}},"8":{"start":{"line":19,"column":6},"end":{"line":19,"column":60}},"9":{"start":{"line":23,"column":2},"end":{"line":23,"column":22}},"10":{"start":{"line":26,"column":0},"end":{"line":26,"column":35}}},"fnMap":{"0":{"name":"(anonymous_0)","decl":{"start":{"line":11,"column":22},"end":{"line":11,"column":23}},"loc":{"start":{"line":11,"column":38},"end":{"line":24,"column":1}},"line":11}},"branchMap":{},"s":{"0":1,"1":1,"2":1,"3":2,"4":2,"5":6,"6":6,"7":6,"8":0,"9":2,"10":1},"f":{"0":2},"b":{},"_coverageSchema":"1a1c01bbd47fc00a2c39e90264f33305004495a9","hash":"c8c7ea0d9ff0500e292701e40578d769a55b360a"}
}
