TN:
SF:server.js
FN:25,(anonymous_0)
FNF:1
FNH:0
FNDA:0,(anonymous_0)
DA:1,1
DA:2,1
DA:3,1
DA:6,1
DA:7,1
DA:10,1
DA:13,1
DA:14,1
DA:17,1
DA:20,1
DA:23,1
DA:24,1
DA:25,0
DA:28,1
LF:14
LH:13
BRDA:23,0,0,1
BRDA:23,0,1,0
BRDA:24,1,0,0
BRDA:24,1,1,1
BRF:4
BRH:2
end_of_record
TN:
SF:config/db.js
FN:3,(anonymous_0)
FNF:1
FNH:1
FNDA:1,(anonymous_0)
DA:1,1
DA:3,1
DA:4,1
DA:5,1
DA:6,1
DA:8,0
DA:9,0
DA:13,1
LF:8
LH:6
BRF:0
BRH:0
end_of_record
TN:
SF:config/redis.js
FN:31,(anonymous_0)
FN:32,(anonymous_1)
FNF:2
FNH:0
FNDA:0,(anonymous_0)
FNDA:0,(anonymous_1)
DA:16,1
DA:20,1
DA:21,1
DA:29,0
DA:31,0
DA:32,0
DA:35,1
LF:7
LH:4
BRDA:20,0,0,1
BRDA:20,0,1,0
BRDA:29,1,0,0
BRDA:29,1,1,0
BRF:4
BRH:1
end_of_record
TN:
SF:controllers/faqController.js
FN:92,(anonymous_0)
FN:105,(anonymous_1)
FN:142,(anonymous_2)
FN:176,(anonymous_3)
FN:202,(anonymous_4)
FNF:5
FNH:4
FNDA:1,(anonymous_0)
FNDA:5,(anonymous_1)
FNDA:1,(anonymous_2)
FNDA:0,(anonymous_3)
FNDA:1,(anonymous_4)
DA:83,1
DA:84,1
DA:85,1
DA:92,1
DA:93,1
DA:94,1
DA:95,1
DA:98,1
DA:99,1
DA:100,0
DA:104,1
DA:105,5
DA:111,1
DA:113,1
DA:115,0
DA:142,1
DA:143,1
DA:144,1
DA:147,1
DA:148,1
DA:151,1
DA:152,1
DA:153,3
DA:159,1
DA:160,1
DA:163,1
DA:165,1
DA:167,0
DA:176,1
DA:177,0
DA:178,0
DA:179,0
DA:185,0
DA:186,0
DA:190,0
DA:192,0
DA:194,0
DA:202,1
DA:203,1
DA:204,1
DA:206,1
DA:207,0
DA:211,1
DA:213,1
DA:215,0
DA:219,1
LF:46
LH:33
BRDA:94,0,0,1
BRDA:94,0,1,1
BRDA:99,1,0,0
BRDA:99,1,1,1
BRDA:185,2,0,0
BRDA:185,2,1,0
BRDA:206,3,0,0
BRDA:206,3,1,1
BRF:8
BRH:4
end_of_record
TN:
SF:models/faqModel.js
FN:18,(anonymous_0)
FNF:1
FNH:1
FNDA:5,(anonymous_0)
DA:1,1
DA:3,1
DA:18,1
DA:19,5
DA:25,1
DA:26,1
LF:6
LH:6
BRDA:20,0,0,5
BRDA:20,0,1,5
BRDA:21,1,0,5
BRDA:21,1,1,5
BRF:4
BRH:4
end_of_record
TN:
SF:routes/faqRoutes.js
FNF:0
FNH:0
DA:1,1
DA:2,1
DA:4,1
DA:7,1
DA:8,1
DA:9,1
DA:10,1
DA:12,1
LF:8
LH:8
BRF:0
BRH:0
end_of_record
TN:
SF:services/translateService.js
FN:11,(anonymous_0)
FNF:1
FNH:1
FNDA:2,(anonymous_0)
DA:1,1
DA:4,1
DA:11,1
DA:12,2
DA:14,2
DA:15,6
DA:16,6
DA:17,6
DA:19,0
DA:23,2
DA:26,1
LF:11
LH:10
BRF:0
BRH:0
end_of_record
